#
# There is insufficient memory for the Java Runtime Environment to continue.
# Native memory allocation (mmap) failed to map 268435456 bytes for G1 virtual space
# Possible reasons:
#   The system is out of physical RAM or swap space
#   The process is running with CompressedOops enabled, and the Java Heap may be blocking the growth of the native heap
# Possible solutions:
#   Reduce memory load on the system
#   Increase physical memory or swap space
#   Check if swap backing store is full
#   Decrease Java heap size (-Xmx/-Xms)
#   Decrease number of Java threads
#   Decrease Java thread stack sizes (-Xss)
#   Set larger code cache with -XX:ReservedCodeCacheSize=
#   JVM is running with Zero Based Compressed Oops mode in which the Java heap is
#     placed in the first 32GB address space. The Java Heap base address is the
#     maximum limit for the native heap growth. Please use -XX:HeapBaseMinAddress
#     to set the Java Heap base and to place the Java Heap above 32GB virtual address.
# This output file may be truncated or incomplete.
#
#  Out of Memory Error (os_windows.cpp:3548), pid=31936, tid=32012
#
# JRE version:  (17.0.5+8) (build )
# Java VM: OpenJDK 64-Bit Server VM (17.0.5+8, mixed mode, sharing, tiered, compressed oops, compressed class ptrs, g1 gc, windows-amd64)
# No core dump will be written. Minidumps are not enabled by default on client versions of Windows
#

---------------  S U M M A R Y ------------

Command Line: -Dfile.encoding=UTF-8 -Dstdout.encoding=UTF-8 -Dstderr.encoding=UTF-8 -XX:+ShowCodeDetailsInExceptionMessages ethan.rpg.StartNewTwo

Host: Intel(R) Core(TM) i5-7600K CPU @ 3.80GHz, 4 cores, 15G,  Windows 10 , 64 bit Build 19041 (10.0.19041.3636)
Time: Sat Mar  9 19:28:56 2024 Eastern Standard Time elapsed time: 0.018481 seconds (0d 0h 0m 0s)

---------------  T H R E A D  ---------------

Current thread (0x00000203c2b509a0):  JavaThread "Unknown thread" [_thread_in_vm, id=32012, stack(0x000000e28f600000,0x000000e28f700000)]

Stack: [0x000000e28f600000,0x000000e28f700000]
Native frames: (J=compiled Java code, j=interpreted, Vv=VM code, C=native code)
V  [jvm.dll+0x676b3a]
V  [jvm.dll+0x831444]
V  [jvm.dll+0x832bee]
V  [jvm.dll+0x833253]
V  [jvm.dll+0x244ce5]
V  [jvm.dll+0x673a49]
V  [jvm.dll+0x66811a]
V  [jvm.dll+0x303ceb]
V  [jvm.dll+0x30b1e6]
V  [jvm.dll+0x35adbe]
V  [jvm.dll+0x35afef]
V  [jvm.dll+0x2dab88]
V  [jvm.dll+0x2dbaf4]
V  [jvm.dll+0x803121]
V  [jvm.dll+0x368bb1]
V  [jvm.dll+0x7e265c]
V  [jvm.dll+0x3eb17f]
V  [jvm.dll+0x3eccc1]
C  [jli.dll+0x5267]
C  [ucrtbase.dll+0x21bb2]
C  [KERNEL32.DLL+0x17344]
C  [ntdll.dll+0x526b1]


---------------  P R O C E S S  ---------------

Threads class SMR info:
_java_thread_list=0x00007ffa8db22f18, length=0, elements={
}

Java Threads: ( => current thread )

Other Threads:
  0x00000203c2bbdef0 GCTaskThread "GC Thread#0" [stack: 0x000000e28f700000,0x000000e28f800000] [id=32016]
  0x00000203c2bcf910 ConcurrentGCThread "G1 Main Marker" [stack: 0x000000e28f800000,0x000000e28f900000] [id=32020]
  0x00000203c2bd0230 ConcurrentGCThread "G1 Conc#0" [stack: 0x000000e28f900000,0x000000e28fa00000] [id=32024]

[error occurred during error reporting (printing all threads), id 0xc0000005, EXCEPTION_ACCESS_VIOLATION (0xc0000005) at pc=0x00007ffa8d2fb617]

VM state: not at safepoint (not fully initialized)

VM Mutex/Monitor currently owned by a thread:  ([mutex/lock_event])
[0x00000203c2b4c200] Heap_lock - owner thread: 0x00000203c2b509a0

Heap address: 0x0000000700e00000, size: 4082 MB, Compressed Oops mode: Zero based, Oop shift amount: 3

CDS archive(s) mapped at: [0x0000000000000000-0x0000000000000000-0x0000000000000000), size 0, SharedBaseAddress: 0x0000000800000000, ArchiveRelocationMode: 0.
Narrow klass base: 0x0000000000000000, Narrow klass shift: 0, Narrow klass range: 0x0

GC Precious Log:
<Empty>

Heap:
 garbage-first heap   total 0K, used 0K [0x0000000700e00000, 0x0000000800000000)
  region size 2048K, 0 young (0K), 0 survivors (0K)

[error occurred during error reporting (printing heap information), id 0xc0000005, EXCEPTION_ACCESS_VIOLATION (0xc0000005) at pc=0x00007ffa8d6dfcb9]

GC Heap History (0 events):
No events

Dll operation events (1 events):
Event: 0.011 Loaded shared library C:\Users\deatr\.p2\pool\plugins\org.eclipse.justj.openjdk.hotspot.jre.full.win32.x86_64_17.0.5.v20221102-0933\jre\bin\java.dll

Deoptimization events (0 events):
No events

Classes unloaded (0 events):
No events

Classes redefined (0 events):
No events

Internal exceptions (0 events):
No events

VM Operations (0 events):
No events

Events (0 events):
No events


Dynamic libraries:
0x00007ff69b770000 - 0x00007ff69b77e000 	C:\Users\deatr\.p2\pool\plugins\org.eclipse.justj.openjdk.hotspot.jre.full.win32.x86_64_17.0.5.v20221102-0933\jre\bin\javaw.exe
0x00007ffb0cb10000 - 0x00007ffb0cd08000 	C:\WINDOWS\SYSTEM32\ntdll.dll
0x00007ffb0c160000 - 0x00007ffb0c21d000 	C:\WINDOWS\System32\KERNEL32.DLL
0x00007ffb0a500000 - 0x00007ffb0a7f6000 	C:\WINDOWS\System32\KERNELBASE.dll
0x000000006da70000 - 0x000000006dda2000 	C:\Program Files\Norton Security\NortonData\22.23.6.5\Definitions\IPSDefs\20240308.064\IPSEng64.dll
0x00007ffb0ab50000 - 0x00007ffb0ac03000 	C:\WINDOWS\System32\ADVAPI32.dll
0x00007ffb0beb0000 - 0x00007ffb0bf4e000 	C:\WINDOWS\System32\msvcrt.dll
0x00007ffb0c0c0000 - 0x00007ffb0c15f000 	C:\WINDOWS\System32\sechost.dll
0x00007ffb0b6f0000 - 0x00007ffb0b816000 	C:\WINDOWS\System32\RPCRT4.dll
0x00007ffb0a1d0000 - 0x00007ffb0a1f7000 	C:\WINDOWS\System32\bcrypt.dll
0x00007ffb0c0b0000 - 0x00007ffb0c0b8000 	C:\WINDOWS\System32\PSAPI.DLL
0x00007ffb0a400000 - 0x00007ffb0a500000 	C:\WINDOWS\System32\ucrtbase.dll
0x00007ffaf0560000 - 0x00007ffaf0579000 	C:\Users\deatr\.p2\pool\plugins\org.eclipse.justj.openjdk.hotspot.jre.full.win32.x86_64_17.0.5.v20221102-0933\jre\bin\VCRUNTIME140.dll
0x00007ffaf08c0000 - 0x00007ffaf08d7000 	C:\Users\deatr\.p2\pool\plugins\org.eclipse.justj.openjdk.hotspot.jre.full.win32.x86_64_17.0.5.v20221102-0933\jre\bin\jli.dll
0x00007ffb0b320000 - 0x00007ffb0b4be000 	C:\WINDOWS\System32\USER32.dll
0x00007ffb0a3d0000 - 0x00007ffb0a3f2000 	C:\WINDOWS\System32\win32u.dll
0x00007ffb0c990000 - 0x00007ffb0c9bb000 	C:\WINDOWS\System32\GDI32.dll
0x00007ffaf7960000 - 0x00007ffaf7bfa000 	C:\WINDOWS\WinSxS\amd64_microsoft.windows.common-controls_6595b64144ccf1df_6.0.19041.3636_none_60b6a03d71f818d5\COMCTL32.dll
0x00007ffb0a200000 - 0x00007ffb0a317000 	C:\WINDOWS\System32\gdi32full.dll
0x00007ffb0aa60000 - 0x00007ffb0aafd000 	C:\WINDOWS\System32\msvcp_win.dll
0x00007ffb0aeb0000 - 0x00007ffb0aee2000 	C:\WINDOWS\System32\IMM32.DLL
0x00007ffaf0e30000 - 0x00007ffaf0e3c000 	C:\Users\deatr\.p2\pool\plugins\org.eclipse.justj.openjdk.hotspot.jre.full.win32.x86_64_17.0.5.v20221102-0933\jre\bin\vcruntime140_1.dll
0x00007ffaf04c0000 - 0x00007ffaf0551000 	C:\Users\deatr\.p2\pool\plugins\org.eclipse.justj.openjdk.hotspot.jre.full.win32.x86_64_17.0.5.v20221102-0933\jre\bin\msvcp140.dll
0x00007ffa8d010000 - 0x00007ffa8dc54000 	C:\Users\deatr\.p2\pool\plugins\org.eclipse.justj.openjdk.hotspot.jre.full.win32.x86_64_17.0.5.v20221102-0933\jre\bin\server\jvm.dll
0x00007ffafb940000 - 0x00007ffafb967000 	C:\WINDOWS\SYSTEM32\WINMM.dll
0x00007ffaf0c50000 - 0x00007ffaf0c59000 	C:\WINDOWS\SYSTEM32\WSOCK32.dll
0x00007ffb04980000 - 0x00007ffb0498a000 	C:\WINDOWS\SYSTEM32\VERSION.dll
0x00007ffb0b820000 - 0x00007ffb0b88b000 	C:\WINDOWS\System32\WS2_32.dll
0x00007ffb080a0000 - 0x00007ffb080b2000 	C:\WINDOWS\SYSTEM32\kernel.appcore.dll
0x00007ffb05bc0000 - 0x00007ffb05bca000 	C:\Users\deatr\.p2\pool\plugins\org.eclipse.justj.openjdk.hotspot.jre.full.win32.x86_64_17.0.5.v20221102-0933\jre\bin\jimage.dll
0x00007ffaf9f80000 - 0x00007ffafa164000 	C:\WINDOWS\SYSTEM32\DBGHELP.DLL
0x00007ffaf60f0000 - 0x00007ffaf6124000 	C:\WINDOWS\SYSTEM32\dbgcore.DLL
0x00007ffb0a9d0000 - 0x00007ffb0aa52000 	C:\WINDOWS\System32\bcryptPrimitives.dll
0x00007ffafb910000 - 0x00007ffafb935000 	C:\Users\deatr\.p2\pool\plugins\org.eclipse.justj.openjdk.hotspot.jre.full.win32.x86_64_17.0.5.v20221102-0933\jre\bin\java.dll

dbghelp: loaded successfully - version: 4.0.5 - missing functions: none
symbol engine: initialized successfully - sym options: 0x614 - pdb path: .;C:\Users\deatr\.p2\pool\plugins\org.eclipse.justj.openjdk.hotspot.jre.full.win32.x86_64_17.0.5.v20221102-0933\jre\bin;C:\WINDOWS\SYSTEM32;C:\Program Files\Norton Security\NortonData\22.23.6.5\Definitions\IPSDefs\20240308.064;C:\WINDOWS\WinSxS\amd64_microsoft.windows.common-controls_6595b64144ccf1df_6.0.19041.3636_none_60b6a03d71f818d5;C:\Users\deatr\.p2\pool\plugins\org.eclipse.justj.openjdk.hotspot.jre.full.win32.x86_64_17.0.5.v20221102-0933\jre\bin\server

VM Arguments:
jvm_args: -Dfile.encoding=UTF-8 -Dstdout.encoding=UTF-8 -Dstderr.encoding=UTF-8 -XX:+ShowCodeDetailsInExceptionMessages 
java_command: ethan.rpg.StartNewTwo
java_class_path (initial): C:\Javaclass\EthanRPG\EthanRPG\lib\bin\main;C:\Users\deatr\.gradle\caches\modules-2\files-2.1\org.apache.commons\commons-math3\3.6.1\e4ba98f1d4b3c80ec46392f25e094a6a2e58fcbf\commons-math3-3.6.1.jar;C:\Users\deatr\.gradle\caches\modules-2\files-2.1\com.google.guava\guava\31.1-jre\60458f877d055d0c9114d9e1a2efb737b4bc282c\guava-31.1-jre.jar;C:\Users\deatr\.gradle\caches\modules-2\files-2.1\org.xerial\sqlite-jdbc\3.36.0.3\7fa71c4dfab806490cb909714fb41373ec552c29\sqlite-jdbc-3.36.0.3.jar;C:\Users\deatr\.gradle\caches\modules-2\files-2.1\com.google.guava\failureaccess\1.0.1\1dcf1de382a0bf95a3d8b0849546c88bac1292c9\failureaccess-1.0.1.jar;C:\Users\deatr\.gradle\caches\modules-2\files-2.1\com.google.guava\listenablefuture\9999.0-empty-to-avoid-conflict-with-guava\b421526c5f297295adef1c886e5246c39d4ac629\listenablefuture-9999.0-empty-to-avoid-conflict-with-guava.jar;C:\Users\deatr\.gradle\caches\modules-2\files-2.1\com.google.code.findbugs\jsr305\3.0.2\25ea2e8b0c338a877313bd4672d3fe056ea78f0d\jsr305-3.0.2.jar;C:\Users\deatr\.gradle\caches\modules-2\files-2.1\org.checkerframework\checker-qual\3.12.0\d5692f0526415fcc6de94bb5bfbd3afd9dd3b3e5\checker-qual-3.12.0.jar;C:\Users\deatr\.gradle\caches\modules-2\files-2.1\com.google.errorprone\error_prone_annotations\2.11.0\c5a0ace696d3f8b1c1d8cc036d8c03cc0cbe6b69\error_prone_annotations-2.11.0.jar;C:\Users\deatr\.gradle\caches\modules-2\files-2.1\com.google.j2objc\j2objc-annotations\1.3\ba035118bc8bac37d7eff77700720999acd9986d\j2objc-annotations-1.3.jar
Launcher Type: SUN_STANDARD

[Global flags]
     intx CICompilerCount                          = 3                                         {product} {ergonomic}
     uint ConcGCThreads                            = 1                                         {product} {ergonomic}
     uint G1ConcRefinementThreads                  = 4                                         {product} {ergonomic}
   size_t G1HeapRegionSize                         = 2097152                                   {product} {ergonomic}
    uintx GCDrainStackTargetSize                   = 64                                        {product} {ergonomic}
   size_t InitialHeapSize                          = 268435456                                 {product} {ergonomic}
   size_t MarkStackSize                            = 4194304                                   {product} {ergonomic}
   size_t MaxHeapSize                              = 4280287232                                {product} {ergonomic}
   size_t MinHeapDeltaBytes                        = 2097152                                   {product} {ergonomic}
   size_t MinHeapSize                              = 8388608                                   {product} {ergonomic}
    uintx NonNMethodCodeHeapSize                   = 5832780                                {pd product} {ergonomic}
    uintx NonProfiledCodeHeapSize                  = 122912730                              {pd product} {ergonomic}
    uintx ProfiledCodeHeapSize                     = 122912730                              {pd product} {ergonomic}
    uintx ReservedCodeCacheSize                    = 251658240                              {pd product} {ergonomic}
     bool SegmentedCodeCache                       = true                                      {product} {ergonomic}
     bool ShowCodeDetailsInExceptionMessages       = true                                   {manageable} {command line}
   size_t SoftMaxHeapSize                          = 4280287232                             {manageable} {ergonomic}
     bool UseCompressedClassPointers               = true                           {product lp64_product} {ergonomic}
     bool UseCompressedOops                        = true                           {product lp64_product} {ergonomic}
     bool UseG1GC                                  = true                                      {product} {ergonomic}
     bool UseLargePagesIndividualAllocation        = false                                  {pd product} {ergonomic}

Logging:
Log output configuration:
 #0: stdout all=warning uptime,level,tags
 #1: stderr all=off uptime,level,tags

Environment Variables:
JAVA_HOME=C:\Program Files\Java\jdk-19\bin
PATH=C:/Users/deatr/.p2/pool/plugins/org.eclipse.justj.openjdk.hotspot.jre.full.win32.x86_64_17.0.5.v20221102-0933/jre/bin/server;C:/Users/deatr/.p2/pool/plugins/org.eclipse.justj.openjdk.hotspot.jre.full.win32.x86_64_17.0.5.v20221102-0933/jre/bin;C:\Program Files\Common Files\Oracle\Java\javapath;C:\Program Files (x86)\Common Files\Oracle\Java\javapath;C:\Program Files (x86)\Intel\iCLS Client\;C:\Program Files\Intel\iCLS Client\;C:\Windows\system32;C:\Windows;C:\Windows\System32\Wbem;C:\Windows\System32\WindowsPowerShell\v1.0\;C:\Program Files (x86)\NVIDIA Corporation\PhysX\Common;C:\Program Files (x86)\Intel\Intel(R) Management Engine Components\DAL;C:\Program Files\Intel\Intel(R) Management Engine Components\DAL;C:\Program Files (x86)\Intel\Intel(R) Management Engine Components\IPT;C:\Program Files\Intel\Intel(R) Management Engine Components\IPT;C:\WINDOWS\system32;C:\WINDOWS;C:\WINDOWS\System32\Wbem;C:\WINDOWS\System32\WindowsPowerShell\v1.0\;C:\WINDOWS\System32\OpenSSH\;C:\Program Files\NVIDIA Corporation\NVIDIA NvDLISR;C:\Program Files\Java\jdk-19\bin\bin;C:\Program Files\Git\cmd;C:\Program Files\dotnet\;C:\Program Files\MySQL\MySQL Shell 8.0\bin\;C:\Users\deatr\AppData\Local\Programs\Python\Python312\Scripts\;C:\Users\deatr\AppData\Local\Programs\Python\Python312\;C:\Users\deatr\AppData\Local\Programs\Python\Python39\Scripts\;C:\Users\deatr\AppData\Local\Programs\Python\Python39\;C:\Users\deatr\AppData\Local\Microsoft\WindowsApps;;C:\Users\deatr\AppData\Local\Programs\Microsoft VS Code\bin;C:\Users\deatr\OneDrive\Desktop;
USERNAME=deatr
OS=Windows_NT
PROCESSOR_IDENTIFIER=Intel64 Family 6 Model 158 Stepping 9, GenuineIntel
TMP=C:\Users\deatr\AppData\Local\Temp
TEMP=C:\Users\deatr\AppData\Local\Temp



---------------  S Y S T E M  ---------------

OS:
 Windows 10 , 64 bit Build 19041 (10.0.19041.3636)
OS uptime: 3 days 2:53 hours

CPU: total 4 (initial active 4) (4 cores per cpu, 1 threads per core) family 6 model 158 stepping 9 microcode 0xb4, cx8, cmov, fxsr, mmx, 3dnowpref, sse, sse2, sse3, ssse3, sse4.1, sse4.2, popcnt, lzcnt, tsc, tscinvbit, avx, avx2, aes, erms, clmul, bmi1, bmi2, rtm, adx, fma, vzeroupper, clflush, clflushopt

Memory: 4k page, system-wide physical 16327M (5384M free)
TotalPageFile size 45986M (AvailPageFile size 105M)
current process WorkingSet (physical memory assigned to process): 11M, peak: 11M
current process commit charge ("private bytes"): 52M, peak: 308M

vm_info: OpenJDK 64-Bit Server VM (17.0.5+8) for windows-amd64 JRE (17.0.5+8), built on Oct 19 2022 04:48:13 by "temurin" with MS VC++ 16.7 (VS2019)

END.
